62.0 APEX_CODE,FINEST;APEX_PROFILING,INFO;CALLOUT,INFO;DB,INFO;NBA,INFO;SYSTEM,DEBUG;VALIDATION,INFO;VISUALFORCE,INFO;WAVE,INFO;WORKFLOW,INFO
06:00:55.0 (251584)|USER_INFO|[EXTERNAL]|0053c00000C7YvR|copadointegration@humana.nophi.copadotrn|(GMT-05:00) Eastern Standard Time (America/New_York)|GMT-05:00
06:00:55.0 (289167)|EXECUTION_STARTED
06:00:55.0 (300400)|CODE_UNIT_STARTED|[EXTERNAL]|apex://SecAPIReleaseScanController/ACTION$secAPIScan
06:00:55.0 (2156527)|CODE_UNIT_STARTED|[EXTERNAL]|01p3c000002BU4P|SecAPIReleaseScanController.secAPIScan(String)
06:00:55.0 (29666506)|HEAP_ALLOCATE|[93]|Bytes:3
06:00:55.0 (29767377)|HEAP_ALLOCATE|[98]|Bytes:152
06:00:55.0 (29781354)|HEAP_ALLOCATE|[415]|Bytes:408
06:00:55.0 (29791870)|HEAP_ALLOCATE|[428]|Bytes:408
06:00:55.0 (29801037)|HEAP_ALLOCATE|[536]|Bytes:48
06:00:55.0 (29821041)|HEAP_ALLOCATE|[247]|Bytes:6
06:00:55.0 (29832880)|HEAP_ALLOCATE|[EXTERNAL]|Bytes:30
06:00:55.0 (29837603)|HEAP_ALLOCATE|[EXTERNAL]|Bytes:85
06:00:55.0 (29841407)|HEAP_ALLOCATE|[EXTERNAL]|Bytes:264
06:00:55.0 (29852366)|METHOD_ENTRY|[15]|01p3c000002BU4P|SecAPIReleaseScanController.SecAPIReleaseScanController()
06:00:55.0 (29860377)|STATEMENT_EXECUTE|[15]
06:00:55.0 (29867824)|STATEMENT_EXECUTE|[15]
06:00:55.0 (29884272)|HEAP_ALLOCATE|[68]|Bytes:5
06:00:55.0 (29902826)|HEAP_ALLOCATE|[74]|Bytes:5
06:00:55.0 (29907820)|HEAP_ALLOCATE|[82]|Bytes:7
06:00:55.0 (29930267)|HEAP_ALLOCATE|[EXTERNAL]|Bytes:5
06:00:55.0 (29933222)|STATEMENT_EXECUTE|[1243]
06:00:55.0 (29934889)|STATEMENT_EXECUTE|[1260]
06:00:55.0 (29942453)|METHOD_EXIT|[15]|SecAPIReleaseScanController
06:00:55.0 (29946163)|HEAP_ALLOCATE|[EXTERNAL]|Bytes:18
06:00:55.0 (29954269)|VARIABLE_SCOPE_BEGIN|[129]|releaseId|String|false|false
06:00:55.0 (29992803)|VARIABLE_ASSIGNMENT|[129]|releaseId|"a3B7x000000BigrEAC"
06:00:55.0 (30004125)|HEAP_ALLOCATE|[130]|Bytes:5
06:00:55.0 (30009261)|STATEMENT_EXECUTE|[129]
06:00:55.0 (30010282)|STATEMENT_EXECUTE|[130]
06:00:55.0 (30014585)|VARIABLE_SCOPE_BEGIN|[130]|statusURL|String|false|false
06:00:55.0 (30020772)|VARIABLE_ASSIGNMENT|[130]|statusURL|""
06:00:55.0 (30023449)|STATEMENT_EXECUTE|[131]
06:00:55.0 (30024712)|VARIABLE_SCOPE_BEGIN|[131]|appReqId|String|false|false
06:00:55.0 (30029607)|VARIABLE_ASSIGNMENT|[131]|appReqId|""
06:00:55.0 (30031787)|STATEMENT_EXECUTE|[132]
06:00:55.0 (30032940)|VARIABLE_SCOPE_BEGIN|[132]|resp|String|false|false
06:00:55.0 (30037685)|VARIABLE_ASSIGNMENT|[132]|resp|""
06:00:55.0 (30040074)|STATEMENT_EXECUTE|[133]
06:00:55.0 (30041218)|VARIABLE_SCOPE_BEGIN|[133]|repoBranch|String|false|false
06:00:55.0 (30045807)|VARIABLE_ASSIGNMENT|[133]|repoBranch|""
06:00:55.0 (30049934)|STATEMENT_EXECUTE|[134]
06:00:55.0 (30051117)|VARIABLE_SCOPE_BEGIN|[134]|initiatingSource|String|false|false
06:00:55.0 (30055865)|VARIABLE_ASSIGNMENT|[134]|initiatingSource|""
06:00:55.0 (30058442)|STATEMENT_EXECUTE|[135]
06:00:55.0 (30059577)|VARIABLE_SCOPE_BEGIN|[135]|mandatoryCol|String|false|false
06:00:55.0 (30065022)|VARIABLE_ASSIGNMENT|[135]|mandatoryCol|""
06:00:55.0 (30069142)|STATEMENT_EXECUTE|[136]
06:00:55.0 (30070840)|VARIABLE_SCOPE_BEGIN|[136]|guId|String|false|false
06:00:55.0 (30076892)|VARIABLE_ASSIGNMENT|[136]|guId|""
06:00:55.0 (30079021)|STATEMENT_EXECUTE|[137]
06:00:55.0 (30080220)|VARIABLE_SCOPE_BEGIN|[137]|excludeFiles|String|false|false
06:00:55.0 (30084827)|VARIABLE_ASSIGNMENT|[137]|excludeFiles|""
06:00:55.0 (30087263)|STATEMENT_EXECUTE|[138]
06:00:55.0 (30088416)|VARIABLE_SCOPE_BEGIN|[138]|excludeFolders|String|false|false
06:00:55.0 (30092866)|VARIABLE_ASSIGNMENT|[138]|excludeFolders|""
06:00:55.0 (30095157)|STATEMENT_EXECUTE|[139]
06:00:55.0 (30096338)|VARIABLE_SCOPE_BEGIN|[139]|projectAppId|String|false|false
06:00:55.0 (30100998)|VARIABLE_ASSIGNMENT|[139]|projectAppId|""
06:00:55.0 (30103190)|STATEMENT_EXECUTE|[140]
06:00:55.0 (30106077)|VARIABLE_SCOPE_BEGIN|[140]|forceFlag|Boolean|false|false
06:00:55.0 (30110830)|HEAP_ALLOCATE|[140]|Bytes:5
06:00:55.0 (30140467)|VARIABLE_ASSIGNMENT|[140]|forceFlag|true
06:00:55.0 (30144902)|STATEMENT_EXECUTE|[141]
06:00:55.0 (30147959)|VARIABLE_SCOPE_BEGIN|[141]|scanCounter|Integer|false|false
06:00:55.0 (30152742)|HEAP_ALLOCATE|[141]|Bytes:4
06:00:55.0 (30157270)|VARIABLE_ASSIGNMENT|[141]|scanCounter|0
06:00:55.0 (30160530)|STATEMENT_EXECUTE|[142]
06:00:55.0 (30970513)|HEAP_ALLOCATE|[142]|Bytes:4
06:00:55.0 (31076764)|VARIABLE_SCOPE_BEGIN|[142]|toUpdateRelease|List<copado__Release__c>|true|false
06:00:55.0 (31092388)|HEAP_ALLOCATE|[EXTERNAL]|Bytes:4
06:00:55.0 (31113837)|VARIABLE_ASSIGNMENT|[142]|toUpdateRelease|[]|0x65dde0d5
06:00:55.0 (31122469)|STATEMENT_EXECUTE|[143]
06:00:55.0 (31199525)|HEAP_ALLOCATE|[143]|Bytes:4
06:00:55.0 (31232271)|VARIABLE_SCOPE_BEGIN|[143]|lstUserStory|List<copado__User_Story__c>|true|false
06:00:55.0 (31240044)|HEAP_ALLOCATE|[EXTERNAL]|Bytes:4
06:00:55.0 (31245931)|VARIABLE_ASSIGNMENT|[143]|lstUserStory|[]|0x2f97a7e7
06:00:55.0 (31249713)|STATEMENT_EXECUTE|[144]
06:00:55.0 (31253293)|HEAP_ALLOCATE|[144]|Bytes:4
06:00:55.0 (31262033)|VARIABLE_SCOPE_BEGIN|[144]|lstRelease|List<copado__Release__c>|true|false
06:00:55.0 (31267263)|HEAP_ALLOCATE|[EXTERNAL]|Bytes:4
06:00:55.0 (31270508)|VARIABLE_ASSIGNMENT|[144]|lstRelease|[]|0x5133023d
06:00:55.0 (31276514)|HEAP_ALLOCATE|[145]|Bytes:22
06:00:55.0 (44958125)|HEAP_ALLOCATE|[145]|Bytes:4
06:00:55.0 (45158049)|HEAP_ALLOCATE|[145]|Bytes:4
06:00:55.0 (45228547)|HEAP_ALLOCATE|[145]|Bytes:13
06:00:55.0 (45724828)|SYSTEM_MODE_ENTER|true
06:00:55.0 (46538353)|HEAP_ALLOCATE|[EXTERNAL]|Bytes:4
06:00:55.0 (46681628)|HEAP_ALLOCATE|[145]|Bytes:8
06:00:55.0 (46729229)|STATEMENT_EXECUTE|[145]
06:00:55.0 (46734160)|STATEMENT_EXECUTE|[148]
06:00:55.0 (46779835)|HEAP_ALLOCATE|[148]|Bytes:4
06:00:55.0 (46895459)|VARIABLE_SCOPE_BEGIN|[148]|sr|SEC_API_Scan_Result__c|true|false
06:00:55.0 (46925405)|VARIABLE_ASSIGNMENT|[148]|sr|{}|0x57f2e55
06:00:55.0 (46930045)|STATEMENT_EXECUTE|[149]
06:00:55.0 (46941857)|HEAP_ALLOCATE|[149]|Bytes:4
06:00:55.0 (46979312)|VARIABLE_SCOPE_BEGIN|[149]|listOfProjectIDs|List<String>|true|false
06:00:55.0 (46996611)|HEAP_ALLOCATE|[EXTERNAL]|Bytes:4
06:00:55.0 (47008914)|VARIABLE_ASSIGNMENT|[149]|listOfProjectIDs|[]|0x10767397
06:00:55.0 (47015319)|STATEMENT_EXECUTE|[152]
06:00:55.0 (47016461)|STATEMENT_EXECUTE|[152]
06:00:55.0 (47088456)|HEAP_ALLOCATE|[153]|Bytes:21
06:00:55.0 (48400273)|HEAP_ALLOCATE|[153]|Bytes:4
06:00:55.0 (48449989)|STATEMENT_EXECUTE|[153]
06:00:55.0 (48452489)|STATEMENT_EXECUTE|[155]
06:00:55.0 (48460194)|HEAP_ALLOCATE|[155]|Bytes:172
06:00:55.0 (48483289)|HEAP_ALLOCATE|[155]|Bytes:4
06:00:55.0 (48497634)|HEAP_ALLOCATE|[155]|Bytes:7
06:00:55.0 (51346089)|SOQL_EXECUTE_BEGIN|[155]|Aggregations:0|SELECT Id, Copado__Project__c, Copado__Project__r.SNOW_APPSVCID__c FROM Copado__User_Story__c WHERE (copado__Release__c = :tmpVar1 AND Copado__Project__r.App_Id__c != NULL)
06:00:55.0 (69269693)|SOQL_EXECUTE_END|[155]|Rows:1
06:00:55.0 (69325928)|HEAP_ALLOCATE|[155]|Bytes:8
06:00:55.0 (69358058)|HEAP_ALLOCATE|[155]|Bytes:151
06:00:55.0 (69392106)|HEAP_ALLOCATE|[155]|Bytes:8
06:00:55.0 (69447958)|VARIABLE_ASSIGNMENT|[155]|lstUserStory|[{"Id":"a3p7x000000F0pJAAS","copado__Project__c":"a353c000001PuX7AAK","copado__Project__r":{"SNOW_APPSVCID__c":"APPSVC123128","Id":"a353c000001PuX7AAK"}}]|0x1773bf9d
06:00:55.0 (69520513)|HEAP_ALLOCATE|[157]|Bytes:18
06:00:55.0 (69845430)|HEAP_ALLOCATE|[157]|Bytes:4
06:00:55.0 (69887409)|STATEMENT_EXECUTE|[157]
06:00:55.0 (69889862)|STATEMENT_EXECUTE|[158]
06:00:55.0 (69893965)|HEAP_ALLOCATE|[158]|Bytes:112
06:00:55.0 (69910832)|HEAP_ALLOCATE|[158]|Bytes:4
06:00:55.0 (70510127)|SOQL_EXECUTE_BEGIN|[158]|Aggregations:0|SELECT Id, Name, Artifact_Id__c, SecApiScanProjectCounter__c FROM copado__Release__c WHERE Id = :tmpVar1 LIMIT 1
06:00:55.0 (77330192)|SOQL_EXECUTE_END|[158]|Rows:1
06:00:55.0 (77382598)|HEAP_ALLOCATE|[158]|Bytes:8
06:00:55.0 (77412414)|HEAP_ALLOCATE|[158]|Bytes:157
06:00:55.0 (77442697)|HEAP_ALLOCATE|[158]|Bytes:8
06:00:55.0 (77492326)|VARIABLE_ASSIGNMENT|[158]|lstRelease|[{"Id":"a3B7x000000BigrEAC","Name":"SCA/OSA Test Release (5 more) ...","Artifact_Id__c":"0000001759","SecApiScanProjectCounter__c":0}]|0x5c405c23
06:00:55.0 (77674776)|HEAP_ALLOCATE|[161]|Bytes:5
06:00:55.0 (77698059)|HEAP_ALLOCATE|[161]|Bytes:16
06:00:55.0 (77709746)|VARIABLE_SCOPE_BEGIN|[161]|us|copado__User_Story__c|true|false
06:00:55.0 (77730086)|VARIABLE_ASSIGNMENT|[161]|us|{"Id":"a3p7x000000F0pJAAS","copado__Project__c":"a353c000001PuX7AAK","copado__Project__r":{"SNOW_APPSVCID__c":"APPSVC123128","Id":"a353c000001PuX7AAK"}}|0x1853d303
06:00:55.0 (77741676)|STATEMENT_EXECUTE|[161]
06:00:55.0 (77743782)|STATEMENT_EXECUTE|[162]
06:00:55.0 (77997862)|HEAP_ALLOCATE|[EXTERNAL]|Bytes:4
06:00:55.0 (78026750)|HEAP_ALLOCATE|[161]|Bytes:5
06:00:55.0 (78053092)|VARIABLE_ASSIGNMENT|[161]|us|null|
06:00:55.0 (78060562)|STATEMENT_EXECUTE|[164]
06:00:55.0 (78073647)|HEAP_ALLOCATE|[164]|Bytes:20
06:00:55.0 (78145678)|HEAP_ALLOCATE|[164]|Bytes:28
06:00:55.0 (78155105)|HEAP_ALLOCATE|[164]|Bytes:20
06:00:55.0 (78164113)|HEAP_ALLOCATE|[164]|Bytes:28
06:00:55.0 (78257978)|HEAP_ALLOCATE|[164]|Bytes:4
06:00:55.0 (78265193)|VARIABLE_ASSIGNMENT|[164]|scanCounter|0
06:00:55.0 (78268542)|STATEMENT_EXECUTE|[165]
06:00:55.0 (78271925)|HEAP_ALLOCATE|[165]|Bytes:58
06:00:55.0 (78292092)|HEAP_ALLOCATE|[165]|Bytes:1
06:00:55.0 (78301637)|HEAP_ALLOCATE|[165]|Bytes:59
06:00:55.0 (78320925)|USER_DEBUG|[165]|DEBUG|@@@lstRelease[0].SecApiScanProjectCounter__c.intValue() : 0
06:00:55.0 (78329465)|STATEMENT_EXECUTE|[167]
06:00:55.0 (78338449)|HEAP_ALLOCATE|[167]|Bytes:4
06:00:55.0 (78368295)|HEAP_ALLOCATE|[167]|Bytes:4
06:00:55.0 (78379799)|HEAP_ALLOCATE|[167]|Bytes:12
06:00:55.0 (78392305)|HEAP_ALLOCATE|[167]|Bytes:4
06:00:55.0 (78397040)|VARIABLE_SCOPE_BEGIN|[167]|UniqueProjectIDs|List<String>|true|false
06:00:55.0 (78417967)|HEAP_ALLOCATE|[EXTERNAL]|Bytes:8
06:00:55.0 (78432317)|VARIABLE_ASSIGNMENT|[167]|UniqueProjectIDs|["APPSVC123128"]|0x4ec3ba78
06:00:55.0 (78436146)|STATEMENT_EXECUTE|[168]
06:00:55.0 (78437757)|HEAP_ALLOCATE|[168]|Bytes:22
06:00:55.0 (78459947)|HEAP_ALLOCATE|[168]|Bytes:14
06:00:55.0 (78466286)|HEAP_ALLOCATE|[168]|Bytes:36
06:00:55.0 (78473855)|USER_DEBUG|[168]|DEBUG|@@@UniqueProjectIDs : (APPSVC123128)
06:00:55.0 (78482007)|STATEMENT_EXECUTE|[170]
06:00:55.0 (78485165)|HEAP_ALLOCATE|[170]|Bytes:12
06:00:55.0 (78488614)|VARIABLE_SCOPE_BEGIN|[170]|currentIterationProjectID|String|false|false
06:00:55.0 (78494716)|VARIABLE_ASSIGNMENT|[170]|currentIterationProjectID|"APPSVC123128"
06:00:55.0 (78497561)|STATEMENT_EXECUTE|[171]
06:00:55.0 (78499057)|HEAP_ALLOCATE|[171]|Bytes:28
06:00:55.0 (78501994)|HEAP_ALLOCATE|[171]|Bytes:40
06:00:55.0 (78515169)|USER_DEBUG|[171]|DEBUG|@@@currentIterationProjectIDAPPSVC123128
06:00:55.0 (78519333)|STATEMENT_EXECUTE|[173]
06:00:55.0 (78522641)|VARIABLE_SCOPE_BEGIN|[173]|projectForSecApiCall|copado__Project__c|true|false
06:00:55.0 (78531356)|VARIABLE_ASSIGNMENT|[173]|projectForSecApiCall|null|
06:00:55.0 (78537463)|HEAP_ALLOCATE|[174]|Bytes:18
06:00:55.0 (79854789)|HEAP_ALLOCATE|[174]|Bytes:4
06:00:55.0 (79904510)|STATEMENT_EXECUTE|[174]
06:00:55.0 (79906719)|STATEMENT_EXECUTE|[175]
06:00:55.0 (79911624)|HEAP_ALLOCATE|[175]|Bytes:120
06:00:55.0 (79930478)|HEAP_ALLOCATE|[175]|Bytes:4
06:00:55.0 (80426629)|SOQL_EXECUTE_BEGIN|[175]|Aggregations:0|SELECT App_Id__c, Exclude_Files__c, Exclude_Folders__c FROM copado__Project__c WHERE SNOW_APPSVCID__c = :tmpVar1 LIMIT 1
06:00:55.0 (87837102)|SOQL_EXECUTE_END|[175]|Rows:1
06:00:55.0 (87888030)|HEAP_ALLOCATE|[175]|Bytes:8
06:00:55.0 (87907129)|HEAP_ALLOCATE|[175]|Bytes:647
06:00:55.0 (87953331)|HEAP_ALLOCATE|[175]|Bytes:8
06:00:55.0 (87966993)|HEAP_ALLOCATE|[175]|Bytes:44
06:00:55.0 (88001619)|HEAP_ALLOCATE|[175]|Bytes:20
06:00:55.0 (88035110)|VARIABLE_ASSIGNMENT|[175]|projectForSecApiCall|{"App_Id__c":"08576875-7be5-498c-b (16 more) ...","Exclude_Files__c":"*.DS_Store,*.ipr,*.i (496 more) ...","Exclude_Folders__c":"src/vlocity","Id":"a353c000001PuX7AAK"}|0x1a1f9e44
06:00:55.0 (88043427)|STATEMENT_EXECUTE|[177]
06:00:55.0 (88078751)|VARIABLE_ASSIGNMENT|[177]|projectAppId|"08576875-7be5-498c-b (16 more) ..."
06:00:55.0 (88082522)|STATEMENT_EXECUTE|[178]
06:00:55.0 (88092964)|VARIABLE_ASSIGNMENT|[178]|excludeFiles|"*.DS_Store,*.ipr,*.i (496 more) ..."
06:00:55.0 (88095601)|STATEMENT_EXECUTE|[179]
06:00:55.0 (88102031)|VARIABLE_ASSIGNMENT|[179]|excludeFolders|"src/vlocity"
06:00:55.0 (88185220)|HEAP_ALLOCATE|[181]|Bytes:4
06:00:55.0 (88207523)|STATEMENT_EXECUTE|[181]
06:00:55.0 (88208716)|STATEMENT_EXECUTE|[183]
06:00:55.0 (88210636)|HEAP_ALLOCATE|[183]|Bytes:134
06:00:55.0 (88221244)|HEAP_ALLOCATE|[183]|Bytes:4
06:00:55.0 (88838159)|SOQL_EXECUTE_BEGIN|[183]|Aggregations:0|SELECT Id, Repo_Branch__c FROM SEC_API_Scan_Result__c WHERE Release_Copado__c = :tmpVar1 ORDER BY CreatedDate DESC NULLS FIRST LIMIT 1
06:00:55.0 (96880883)|SOQL_EXECUTE_END|[183]|Rows:1
06:00:55.0 (96929784)|HEAP_ALLOCATE|[183]|Bytes:8
06:00:55.0 (96955420)|HEAP_ALLOCATE|[183]|Bytes:53
06:00:55.0 (97004368)|HEAP_ALLOCATE|[183]|Bytes:8
06:00:55.0 (97018525)|HEAP_ALLOCATE|[183]|Bytes:48
06:00:55.0 (97056031)|HEAP_ALLOCATE|[183]|Bytes:12
06:00:55.0 (97107361)|VARIABLE_ASSIGNMENT|[183]|repoBranch|"b2buat"
06:00:55.0 (97115183)|STATEMENT_EXECUTE|[186]
06:00:55.0 (97117569)|HEAP_ALLOCATE|[186]|Bytes:96
06:00:55.0 (97128434)|HEAP_ALLOCATE|[186]|Bytes:4
06:00:55.0 (98961173)|SOQL_EXECUTE_BEGIN|[186]|Aggregations:0|SELECT Id, Value__c FROM Glapi_Callout_Settings__c WHERE Name = 'SecAPIInitiatingSource' LIMIT 1
06:00:55.0 (109126878)|SOQL_EXECUTE_END|[186]|Rows:1
06:00:55.0 (109172023)|HEAP_ALLOCATE|[186]|Bytes:8
06:00:55.0 (109197183)|HEAP_ALLOCATE|[186]|Bytes:47
06:00:55.0 (109261060)|HEAP_ALLOCATE|[186]|Bytes:8
06:00:55.0 (109277633)|HEAP_ALLOCATE|[186]|Bytes:51
06:00:55.0 (109316058)|HEAP_ALLOCATE|[186]|Bytes:12
06:00:55.0 (109359396)|VARIABLE_ASSIGNMENT|[186]|initiatingSource|"Copado"
06:00:55.0 (109366443)|STATEMENT_EXECUTE|[187]
06:00:55.0 (109368760)|HEAP_ALLOCATE|[187]|Bytes:92
06:00:55.0 (109379332)|HEAP_ALLOCATE|[187]|Bytes:4
06:00:55.0 (109747355)|SOQL_EXECUTE_BEGIN|[187]|Aggregations:0|SELECT Id, Value__c FROM Glapi_Callout_Settings__c WHERE Name = 'SecAPIMandatoryCol' LIMIT 1
06:00:55.0 (118026444)|SOQL_EXECUTE_END|[187]|Rows:1
06:00:55.0 (118070577)|HEAP_ALLOCATE|[187]|Bytes:8
06:00:55.0 (118099183)|HEAP_ALLOCATE|[187]|Bytes:47
06:00:55.0 (118195811)|HEAP_ALLOCATE|[187]|Bytes:8
06:00:55.0 (118230140)|HEAP_ALLOCATE|[187]|Bytes:12
06:00:55.0 (118264181)|VARIABLE_ASSIGNMENT|[187]|mandatoryCol|"Copado"
06:00:55.0 (118273001)|STATEMENT_EXECUTE|[188]
06:00:55.0 (118276855)|HEAP_ALLOCATE|[188]|Bytes:82
06:00:55.0 (118291701)|HEAP_ALLOCATE|[188]|Bytes:4
06:00:55.0 (118770556)|SOQL_EXECUTE_BEGIN|[188]|Aggregations:0|SELECT Id, Value__c FROM Glapi_Callout_Settings__c WHERE Name = 'TechGUID' LIMIT 1
06:00:55.0 (126321571)|SOQL_EXECUTE_END|[188]|Rows:1
06:00:55.0 (126367452)|HEAP_ALLOCATE|[188]|Bytes:8
06:00:55.0 (126398392)|HEAP_ALLOCATE|[188]|Bytes:77
06:00:55.0 (126432912)|HEAP_ALLOCATE|[188]|Bytes:8
06:00:55.0 (126465378)|HEAP_ALLOCATE|[188]|Bytes:12
06:00:55.0 (126499240)|VARIABLE_ASSIGNMENT|[188]|guId|"42A6203C-8029-4E17-9 (16 more) ..."
06:00:55.0 (126507482)|STATEMENT_EXECUTE|[189]
06:00:55.0 (126511312)|HEAP_ALLOCATE|[189]|Bytes:17
06:00:55.0 (126523957)|HEAP_ALLOCATE|[189]|Bytes:23
06:00:55.0 (126571522)|USER_DEBUG|[189]|DEBUG|repoBranch val = b2buat
06:00:55.0 (126587207)|STATEMENT_EXECUTE|[190]
06:00:55.0 (126588987)|STATEMENT_EXECUTE|[193]
06:00:55.0 (126591656)|HEAP_ALLOCATE|[193]|Bytes:33
06:00:55.0 (126596084)|HEAP_ALLOCATE|[193]|Bytes:30
06:00:55.0 (126640491)|HEAP_ALLOCATE|[193]|Bytes:4
06:00:55.0 (126650977)|HEAP_ALLOCATE|[193]|Bytes:37
06:00:55.0 (126662235)|HEAP_ALLOCATE|[193]|Bytes:116
06:00:55.0 (126666210)|HEAP_ALLOCATE|[193]|Bytes:23
06:00:55.0 (126670217)|HEAP_ALLOCATE|[193]|Bytes:21
06:00:55.0 (126674095)|HEAP_ALLOCATE|[193]|Bytes:30
06:00:55.0 (126687534)|HEAP_ALLOCATE|[193]|Bytes:20
06:00:55.0 (126739430)|HEAP_ALLOCATE|[193]|Bytes:126
06:00:55.0 (126744446)|HEAP_ALLOCATE|[193]|Bytes:17
06:00:55.0 (126748569)|HEAP_ALLOCATE|[193]|Bytes:27
06:00:55.0 (126751970)|HEAP_ALLOCATE|[193]|Bytes:19
06:00:55.0 (126756320)|HEAP_ALLOCATE|[193]|Bytes:81
06:00:55.0 (126759672)|HEAP_ALLOCATE|[193]|Bytes:25
06:00:55.0 (126762737)|HEAP_ALLOCATE|[193]|Bytes:27
06:00:55.0 (126766087)|HEAP_ALLOCATE|[193]|Bytes:36
06:00:55.0 (126770463)|HEAP_ALLOCATE|[193]|Bytes:106
06:00:55.0 (126774129)|HEAP_ALLOCATE|[193]|Bytes:31
06:00:55.0 (126780841)|HEAP_ALLOCATE|[193]|Bytes:26
06:00:55.0 (126784717)|HEAP_ALLOCATE|[193]|Bytes:2
06:00:55.0 (126793651)|HEAP_ALLOCATE|[193]|Bytes:586
06:00:55.0 (126798864)|HEAP_ALLOCATE|[193]|Bytes:1015
06:00:55.0 (126806537)|VARIABLE_SCOPE_BEGIN|[193]|reqBody|String|false|false
06:00:55.0 (126820843)|VARIABLE_ASSIGNMENT|[193]|reqBody|"{\"repoBranchToScan\": (995 more) ..."
06:00:55.0 (126826678)|STATEMENT_EXECUTE|[194]
06:00:55.0 (126828980)|HEAP_ALLOCATE|[194]|Bytes:14
06:00:55.0 (126834228)|HEAP_ALLOCATE|[194]|Bytes:1029
06:00:55.0 (126852947)|USER_DEBUG|[194]|DEBUG|reqBody val = {"repoBranchToScan": "refs/heads/b2buat","incremental": true,"force":true,"devOpsInfo": { "intiatingSource": "Copado", "teamProjectName": "Copado", "teamProjectId": "42A6203C-8029-4E17-9E0A-E27848EC17BB", "buildInfo": { "buildId": "0000001759", "buildName": "Copado", "buildDefinitionName": "Copado", "buildReason": "Copado", "buildRepositoryID": "Copado", "buildRepositoryName": "Copado", "buildSourceBranch": "refs/heads/b2buat" }},"excludeFoldersPattern": "src/vlocity","excludeFilesPattern": "*.DS_Store,*.ipr,*.iws,*.bak,*.tmp,*.aac,*.aif,*.iff,*.m3u,*.mid,*.mp3,*.mpa,*.ra,*.wav,*.wma,*.3g2,*.3gp,*.asf,*.asx,*.avi,*.flv,*.mov,*.mp4,*.mpg,*.rm,*.swf,*.vob,*.wmv,*.bmp,*.gif,*.jpg,*.png,*.psd,*.tif,*.swf,*.jar,*.zip,*.rar,*.exe,*.dll,*.pdb,*.7z,*.gz,*.tar.gz,*.tar,*.gz,*.ahtm,*.ahtml,*.fhtml,*.hdm,*.hdml,*.hsql,*.ht,*.hta,*.htc,*.htd,*.war,*.ear,*.htmls,*.ihtml,*.mht,*.mhtm,*.mhtml,*.ssi,*.stm,*.stml,*.ttml,*.txn,*.xhtm,*.xhtml,*.class,*.iml,*.yml,*.json,*.log,*.properties,CoveoV2__AnalyticsIframe.page"}
06:00:55.0 (126867626)|STATEMENT_EXECUTE|[195]
06:00:55.0 (126889503)|VARIABLE_SCOPE_BEGIN|[195]|res|System.HttpResponse|true|false
06:00:55.0 (127098606)|VARIABLE_ASSIGNMENT|[195]|res|"System.HttpResponse[Status=null, StatusCode=0]"|0x97587df
06:00:55.0 (127109529)|STATEMENT_EXECUTE|[196]
06:00:55.0 (127112599)|HEAP_ALLOCATE|[196]|Bytes:7
06:00:55.0 (127120996)|HEAP_ALLOCATE|[196]|Bytes:43
06:00:55.0 (127127347)|VARIABLE_SCOPE_BEGIN|[196]|endURL|String|false|false
06:00:55.0 (127139733)|VARIABLE_ASSIGNMENT|[196]|endURL|"/start/08576875-7be5 (23 more) ..."
06:00:55.0 (127144501)|STATEMENT_EXECUTE|[197]
06:00:55.0 (127147624)|HEAP_ALLOCATE|[197]|Bytes:118
06:00:55.0 (127157323)|HEAP_ALLOCATE|[197]|Bytes:4
06:00:55.0 (127655111)|SOQL_EXECUTE_BEGIN|[197]|Aggregations:0|SELECT Id FROM SEC_API_Scan_Result__c WHERE Release_Copado__c = :tmpVar1 ORDER BY CreatedDate DESC NULLS FIRST LIMIT 1
06:00:55.0 (132975058)|SOQL_EXECUTE_END|[197]|Rows:1
06:00:55.0 (133014240)|HEAP_ALLOCATE|[197]|Bytes:8
06:00:55.0 (133037857)|HEAP_ALLOCATE|[197]|Bytes:29
06:00:55.0 (133067698)|HEAP_ALLOCATE|[197]|Bytes:8
06:00:55.0 (133094694)|HEAP_ALLOCATE|[197]|Bytes:8
06:00:55.0 (133147568)|HEAP_ALLOCATE|[197]|Bytes:18
06:00:55.0 (133153528)|VARIABLE_SCOPE_BEGIN|[197]|recordId|String|false|false
06:00:55.0 (133169177)|VARIABLE_ASSIGNMENT|[197]|recordId|"a4r7x000000LVgkAAG"
06:00:55.0 (133174518)|STATEMENT_EXECUTE|[198]
06:00:55.0 (133177606)|HEAP_ALLOCATE|[198]|Bytes:4
06:00:55.0 (133203787)|METHOD_ENTRY|[198]|01p3c000002BU4P|SecAPIReleaseScanController.getCalloutResponse(String, String, String)
06:00:55.0 (133231715)|VARIABLE_SCOPE_BEGIN|[1122]|endPointUrl|String|false|false
06:00:55.0 (133242268)|VARIABLE_ASSIGNMENT|[1122]|endPointUrl|"/start/08576875-7be5 (23 more) ..."
06:00:55.0 (133246087)|VARIABLE_SCOPE_BEGIN|[1122]|requestType|String|false|false
06:00:55.0 (133252538)|VARIABLE_ASSIGNMENT|[1122]|requestType|"POST"
06:00:55.0 (133255938)|VARIABLE_SCOPE_BEGIN|[1122]|requestBody|String|false|false
06:00:55.0 (133264190)|VARIABLE_ASSIGNMENT|[1122]|requestBody|"{\"repoBranchToScan\": (995 more) ..."
06:00:55.0 (133281001)|HEAP_ALLOCATE|[1123]|Bytes:5
06:00:55.0 (133285761)|STATEMENT_EXECUTE|[1122]
06:00:55.0 (133287551)|STATEMENT_EXECUTE|[1123]
06:00:55.0 (133305510)|VARIABLE_SCOPE_BEGIN|[1123]|res|System.HttpResponse|true|false
06:00:55.0 (133395753)|VARIABLE_ASSIGNMENT|[1123]|res|"System.HttpResponse[Status=null, StatusCode=0]"|0x5a5fb1e1
06:00:55.0 (133402800)|STATEMENT_EXECUTE|[1124]
06:00:55.0 (133418141)|VARIABLE_SCOPE_BEGIN|[1124]|req|System.HttpRequest|true|false
06:00:55.0 (133460605)|VARIABLE_ASSIGNMENT|[1124]|req|"System.HttpRequest[Endpoint=null, Method=null]"|0x5b1cf198
06:00:55.0 (133466754)|STATEMENT_EXECUTE|[1125]
06:00:55.0 (133468122)|STATEMENT_EXECUTE|[1125]
06:00:55.0 (133472354)|HEAP_ALLOCATE|[1126]|Bytes:3
06:00:55.0 (133501879)|STATEMENT_EXECUTE|[1129]
06:00:55.0 (133503784)|STATEMENT_EXECUTE|[1130]
06:00:55.0 (133555377)|STATEMENT_EXECUTE|[1131]
06:00:55.0 (133601911)|STATEMENT_EXECUTE|[1133]
06:00:55.0 (133605639)|HEAP_ALLOCATE|[1133]|Bytes:24
06:00:55.0 (133616362)|HEAP_ALLOCATE|[1133]|Bytes:67
06:00:55.0 (133633324)|STATEMENT_EXECUTE|[1134]
06:00:55.0 (133635475)|HEAP_ALLOCATE|[1134]|Bytes:7
06:00:55.0 (133652226)|HEAP_ALLOCATE|[1134]|Bytes:67
06:00:55.0 (133658437)|HEAP_ALLOCATE|[1134]|Bytes:74
06:00:55.0 (133671486)|USER_DEBUG|[1134]|DEBUG|@@@ urlcallout:SecAPI_SAST_Scan/start/08576875-7be5-498c-bff4-39ab8fd040ac
06:00:55.0 (133680216)|STATEMENT_EXECUTE|[1135]
06:00:55.0 (133682477)|HEAP_ALLOCATE|[1135]|Bytes:9
06:00:55.0 (133686326)|HEAP_ALLOCATE|[1135]|Bytes:23
06:00:55.0 (133707227)|STATEMENT_EXECUTE|[1136]
06:00:55.0 (133709190)|HEAP_ALLOCATE|[1136]|Bytes:12
06:00:55.0 (133713006)|HEAP_ALLOCATE|[1136]|Bytes:16
06:00:55.0 (133726248)|STATEMENT_EXECUTE|[1137]
06:00:55.0 (133728726)|HEAP_ALLOCATE|[1137]|Bytes:8
06:00:55.0 (133732703)|HEAP_ALLOCATE|[1137]|Bytes:23
06:00:55.0 (133746403)|STATEMENT_EXECUTE|[1138]
06:00:55.0 (133748612)|HEAP_ALLOCATE|[1138]|Bytes:15
06:00:55.0 (133753089)|HEAP_ALLOCATE|[1138]|Bytes:15
06:00:55.0 (137794963)|HEAP_ALLOCATE|[1138]|Bytes:9
06:00:55.0 (137884864)|STATEMENT_EXECUTE|[1139]
06:00:55.0 (137890758)|HEAP_ALLOCATE|[1139]|Bytes:15
06:00:55.0 (137898417)|HEAP_ALLOCATE|[1139]|Bytes:15
06:00:55.0 (137928398)|HEAP_ALLOCATE|[1139]|Bytes:64
06:00:55.0 (137950699)|STATEMENT_EXECUTE|[1140]
06:00:55.0 (137971653)|VARIABLE_SCOPE_BEGIN|[1140]|http|System.Http|true|false
06:00:55.0 (138089226)|VARIABLE_ASSIGNMENT|[1140]|http|"System.Http[]"|0x56f250d6
06:00:55.0 (138097195)|STATEMENT_EXECUTE|[1141]
06:00:55.0 (138242423)|CALLOUT_REQUEST|[1141]|System.HttpRequest[Endpoint=callout:SecAPI_SAST_Scan/start/08576875-7be5-498c-bff4-39ab8fd040ac, Method=POST]
06:00:55.147 (147405914)|NAMED_CREDENTIAL_RESPONSE|NamedCallout[Named Credential Id=null, Named Credential Name=null, Status Code=0, Content-Type=null, Response Size bytes=0, Overall Callout Time ms=0, Connect Time ms=0
06:00:55.0 (149961445)|EXCEPTION_THROWN|[1141]|System.CalloutException: The callout couldn't access the endpoint. You might not have the required permissions, or the named credential "SecAPI_SAST_Scan" might not exist.
06:00:55.0 (150077710)|HEAP_ALLOCATE|[1141]|Bytes:150
06:00:55.0 (150153088)|VARIABLE_SCOPE_BEGIN|[1142]|e|Exception|true|false
06:00:55.0 (150233892)|VARIABLE_ASSIGNMENT|[1142]|e|"common.apex.runtime.impl.ExecutionException: The callout couldn't access the endpoint. You might not have the required permissions, or the named credential \"SecAPI_SAST_Scan\" might not exist."|0x66020108
06:00:55.0 (150246399)|STATEMENT_EXECUTE|[1142]
06:00:55.0 (150248442)|STATEMENT_EXECUTE|[1143]
06:00:55.0 (150253514)|HEAP_ALLOCATE|[1143]|Bytes:10
06:00:55.0 (150314390)|HEAP_ALLOCATE|[1143]|Bytes:171
06:00:55.0 (150369354)|HEAP_ALLOCATE|[1143]|Bytes:8
06:00:55.0 (150381342)|HEAP_ALLOCATE|[1143]|Bytes:4
06:00:55.0 (150394852)|HEAP_ALLOCATE|[1143]|Bytes:146
06:00:55.0 (150406148)|HEAP_ALLOCATE|[1143]|Bytes:335
06:00:55.0 (150418552)|USER_DEBUG|[1143]|DEBUG|exception System.CalloutException: The callout couldn't access the endpoint. You might not have the required permissions, or the named credential "SecAPI_SAST_Scan" might not exist.null1141The callout couldn't access the endpoint. You might not have the required permissions, or the named credential "SecAPI_SAST_Scan" might not exist.
06:00:55.0 (150427878)|STATEMENT_EXECUTE|[1144]
06:00:55.0 (150436652)|HEAP_ALLOCATE|[1144]|Bytes:53
06:00:55.0 (150468929)|HEAP_ALLOCATE|[1144]|Bytes:13
06:00:55.0 (150476594)|HEAP_ALLOCATE|[1144]|Bytes:8
06:00:55.0 (150487481)|HEAP_ALLOCATE|[1144]|Bytes:4
06:00:55.0 (150493564)|HEAP_ALLOCATE|[1144]|Bytes:17
06:00:55.0 (150500134)|HEAP_ALLOCATE|[1144]|Bytes:146
06:00:55.0 (150507739)|HEAP_ALLOCATE|[1144]|Bytes:237
06:00:55.0 (150560410)|METHOD_EXIT|[198]|01p3c000002BU4P|SecAPIReleaseScanController.getCalloutResponse(String, String, String)
06:00:55.0 (150575067)|VARIABLE_SCOPE_BEGIN|[247]|e|Exception|true|false
06:00:55.0 (150627159)|VARIABLE_ASSIGNMENT|[247]|e|"common.apex.runtime.impl.ExecutionException: Script-thrown exception"|0x49349b03
06:00:55.0 (150632559)|STATEMENT_EXECUTE|[247]
06:00:55.0 (150634235)|STATEMENT_EXECUTE|[248]
06:00:55.0 (150657324)|HEAP_ALLOCATE|[248]|Bytes:52
06:00:55.0 (150681484)|HEAP_ALLOCATE|[248]|Bytes:8
06:00:55.0 (150688198)|HEAP_ALLOCATE|[248]|Bytes:4
06:00:55.0 (150695244)|HEAP_ALLOCATE|[248]|Bytes:23
06:00:55.0 (150700299)|HEAP_ALLOCATE|[248]|Bytes:93
06:00:55.0 (150706004)|USER_DEBUG|[248]|DEBUG|exception System.AuraHandledException: Script-thrown exceptionnull1144Script-thrown exception
06:00:55.0 (150710671)|STATEMENT_EXECUTE|[249]
06:00:55.0 (150713729)|HEAP_ALLOCATE|[249]|Bytes:52
06:00:55.0 (150731438)|HEAP_ALLOCATE|[249]|Bytes:8
06:00:55.0 (150737589)|HEAP_ALLOCATE|[249]|Bytes:4
06:00:55.0 (150744655)|HEAP_ALLOCATE|[249]|Bytes:23
06:00:55.0 (150749166)|HEAP_ALLOCATE|[249]|Bytes:113
06:00:55.0 (150806080)|FATAL_ERROR|System.AuraHandledException: Script-thrown exception

Class.SecAPIReleaseScanController.secAPIScan: line 249, column 1
06:00:55.0 (150813608)|FATAL_ERROR|System.AuraHandledException: Script-thrown exception

Class.SecAPIReleaseScanController.secAPIScan: line 249, column 1
06:00:55.150 (150819268)|CUMULATIVE_LIMIT_USAGE
06:00:55.150 (150819268)|LIMIT_USAGE_FOR_NS|(default)|
  Number of SOQL queries: 8 out of 100
  Number of query rows: 8 out of 50000
  Number of SOSL queries: 0 out of 20
  Number of DML statements: 0 out of 150
  Number of Publish Immediate DML: 0 out of 150
  Number of DML rows: 0 out of 10000
  Maximum CPU time: 0 out of 10000
  Maximum heap size: 0 out of 6000000
  Number of callouts: 1 out of 100
  Number of Email Invocations: 0 out of 10
  Number of future calls: 0 out of 50
  Number of queueable jobs added to the queue: 0 out of 50
  Number of Mobile Apex push calls: 0 out of 10

06:00:55.150 (150819268)|CUMULATIVE_LIMIT_USAGE_END

06:00:55.0 (150843404)|CODE_UNIT_FINISHED|SecAPIReleaseScanController.secAPIScan(String)
06:00:55.0 (179402498)|CODE_UNIT_FINISHED|apex://SecAPIReleaseScanController/ACTION$secAPIScan
06:00:55.0 (179418400)|EXECUTION_FINISHED
